Using pre-set license
Built from '2020.3/staging' branch; Version is '2020.3.4f1 (0abb6314276a) revision 703331'; Using compiler version '192528614'; Build Type 'Release'
OS: 'Windows 10 Education; OS build 19042.1237; Version 2009; 64bit' Language: 'en' Physical Memory: 8127 MB
BatchMode: 1, IsHumanControllingUs: 0, StartBugReporterOnCrash: 0, Is64bit: 1, IsPro: 0

 COMMAND LINE ARGUMENTS:
C:\Program Files\Unity\Hub\Editor\2020.3.4f1\Editor\Unity.exe
-adb2
-batchMode
-noUpm
-name
AssetImportWorker0
-projectPath
C:/Users/521013/2D PLATFORMER
-logFile
Logs/AssetImportWorker0.log
-srvPort
50346
Successfully changed project path to: C:/Users/521013/2D PLATFORMER
C:/Users/521013/2D PLATFORMER
Using Asset Import Pipeline V2.
Refreshing native plugins compatible for Editor in 64.89 ms, found 1 plugins.
Preloading 0 native plugins for Editor in 0.00 ms.
Initialize engine version: 2020.3.4f1 (0abb6314276a)
[Subsystems] Discovering subsystems at path C:/Program Files/Unity/Hub/Editor/2020.3.4f1/Editor/Data/Resources/UnitySubsystems
[Subsystems] Discovering subsystems at path C:/Users/521013/2D PLATFORMER/Assets
GfxDevice: creating device client; threaded=0
Direct3D:
    Version:  Direct3D 11.0 [level 11.1]
    Renderer: NVIDIA GeForce GTX 1650 (ID=0x1f82)
    Vendor:   
    VRAM:     3962 MB
    Driver:   27.21.14.5671
Initialize mono
Mono path[0] = 'C:/Program Files/Unity/Hub/Editor/2020.3.4f1/Editor/Data/Managed'
Mono path[1] = 'C:/Program Files/Unity/Hub/Editor/2020.3.4f1/Editor/Data/MonoBleedingEdge/lib/mono/unityjit'
Mono config path = 'C:/Program Files/Unity/Hub/Editor/2020.3.4f1/Editor/Data/MonoBleedingEdge/etc'
Using monoOptions --debugger-agent=transport=dt_socket,embedding=1,server=y,suspend=n,address=127.0.0.1:56192
Begin MonoManager ReloadAssembly
Registering precompiled unity dll's ...
Register platform support module: C:/Program Files/Unity/Hub/Editor/2020.3.4f1/Editor/Data/PlaybackEngines/WebGLSupport/UnityEditor.WebGL.Extensions.dll
Register platform support module: C:/Program Files/Unity/Hub/Editor/2020.3.4f1/Editor/Data/PlaybackEngines/MacStandaloneSupport/UnityEditor.OSXStandalone.Extensions.dll
Register platform support module: C:/Program Files/Unity/Hub/Editor/2020.3.4f1/Editor/Data/PlaybackEngines/WindowsStandaloneSupport/UnityEditor.WindowsStandalone.Extensions.dll
Register platform support module: C:/Program Files/Unity/Hub/Editor/2020.3.4f1/Editor/Data/PlaybackEngines/LinuxStandaloneSupport/UnityEditor.LinuxStandalone.Extensions.dll
Registered in 0.003446 seconds.
Native extension for LinuxStandalone target not found
Native extension for WindowsStandalone target not found
Native extension for OSXStandalone target not found
Native extension for WebGL target not found
Refreshing native plugins compatible for Editor in 68.56 ms, found 1 plugins.
Preloading 0 native plugins for Editor in 0.00 ms.
Mono: successfully reloaded assembly
- Completed reload, in  1.350 seconds
Platform modules already initialized, skipping
Registering precompiled user dll's ...
Registered in 0.001382 seconds.
Begin MonoManager ReloadAssembly
Native extension for LinuxStandalone target not found
Native extension for WindowsStandalone target not found
Native extension for OSXStandalone target not found
Native extension for WebGL target not found
Refreshing native plugins compatible for Editor in 62.54 ms, found 1 plugins.
Preloading 0 native plugins for Editor in 0.00 ms.
Mono: successfully reloaded assembly
- Completed reload, in  1.059 seconds
Platform modules already initialized, skipping
========================================================================
Worker process is ready to serve import requests
Launched and connected shader compiler UnityShaderCompiler.exe after 0.06 seconds
Refreshing native plugins compatible for Editor in 0.54 ms, found 1 plugins.
Preloading 0 native plugins for Editor in 0.00 ms.
Unloading 2279 Unused Serialized files (Serialized files now loaded: 0)
System memory in use before: 110.0 MB.
System memory in use after: 110.1 MB.

Unloading 24 unused Assets to reduce memory usage. Loaded Objects now: 2727.
Total: 2.669300 ms (FindLiveObjects: 0.291300 ms CreateObjectMapping: 0.078200 ms MarkObjects: 2.146700 ms  DeleteObjects: 0.151100 ms)

========================================================================
Received Import Request.
  path: Assets/2DGamekit/Prefabs/Environment
  artifactKey: Guid(084bdd889962f284e9d2affee007566d) Importer(815301076,1909f56bfc062723c751e8b465ee728b)
Start importing Assets/2DGamekit/Prefabs/Environment using Guid(084bdd889962f284e9d2affee007566d) Importer(815301076,1909f56bfc062723c751e8b465ee728b)  -> (artifact id: '214bee31b788967617f366bf71416cd5') in 0.015106 seconds
  Import took 0.020456 seconds .

========================================================================
Received Prepare
Registering precompiled user dll's ...
Registered in 0.001260 seconds.
Begin MonoManager ReloadAssembly
Native extension for LinuxStandalone target not found
Native extension for WindowsStandalone target not found
Native extension for OSXStandalone target not found
Native extension for WebGL target not found
Refreshing native plugins compatible for Editor in 0.64 ms, found 1 plugins.
Preloading 0 native plugins for Editor in 0.00 ms.
Mono: successfully reloaded assembly
- Completed reload, in  0.889 seconds
Platform modules already initialized, skipping
Refreshing native plugins compatible for Editor in 0.57 ms, found 1 plugins.
Preloading 0 native plugins for Editor in 0.00 ms.
Unloading 2226 Unused Serialized files (Serialized files now loaded: 0)
System memory in use before: 105.5 MB.
System memory in use after: 105.6 MB.

Unloading 13 unused Assets to reduce memory usage. Loaded Objects now: 2731.
Total: 2.475500 ms (FindLiveObjects: 0.250500 ms CreateObjectMapping: 0.071500 ms MarkObjects: 2.016400 ms  DeleteObjects: 0.136000 ms)

========================================================================
Received Import Request.
  Time since last request: 99.292798 seconds.
  path: Assets/2DGamekit/Prefabs/Environment/Spikes.prefab
  artifactKey: Guid(4ff9f7a332b4ae44bb62aaee6eacc033) Importer(815301076,1909f56bfc062723c751e8b465ee728b)
Start importing Assets/2DGamekit/Prefabs/Environment/Spikes.prefab using Guid(4ff9f7a332b4ae44bb62aaee6eacc033) Importer(815301076,1909f56bfc062723c751e8b465ee728b)  -> (artifact id: 'f18a23b50e127496d49fe79ea2112d63') in 0.144331 seconds
  Import took 0.149479 seconds .

========================================================================
Received Import Request.
  Time since last request: 1.830979 seconds.
  path: Assets/2DGamekit/Prefabs/Environment/Spikes.prefab
  artifactKey: Guid(4ff9f7a332b4ae44bb62aaee6eacc033) Importer(815301076,1909f56bfc062723c751e8b465ee728b)
Start importing Assets/2DGamekit/Prefabs/Environment/Spikes.prefab using Guid(4ff9f7a332b4ae44bb62aaee6eacc033) Importer(815301076,1909f56bfc062723c751e8b465ee728b)  -> (artifact id: '57fb4c1c013d7222a3f94d38529ed46a') in 0.018334 seconds
  Import took 0.022533 seconds .

========================================================================
Received Import Request.
  Time since last request: 5.026306 seconds.
  path: Assets/2DGamekit/Prefabs/Environment/Spikes.prefab
  artifactKey: Guid(4ff9f7a332b4ae44bb62aaee6eacc033) Importer(815301076,1909f56bfc062723c751e8b465ee728b)
Start importing Assets/2DGamekit/Prefabs/Environment/Spikes.prefab using Guid(4ff9f7a332b4ae44bb62aaee6eacc033) Importer(815301076,1909f56bfc062723c751e8b465ee728b)  -> (artifact id: '2e8277e74cdb16033b2c21d69729fa37') in 0.017856 seconds
  Import took 0.022674 seconds .

========================================================================
Received Import Request.
  Time since last request: 4.602666 seconds.
  path: Assets/2DGamekit/Prefabs/Environment/Spikes.prefab
  artifactKey: Guid(4ff9f7a332b4ae44bb62aaee6eacc033) Importer(815301076,1909f56bfc062723c751e8b465ee728b)
Start importing Assets/2DGamekit/Prefabs/Environment/Spikes.prefab using Guid(4ff9f7a332b4ae44bb62aaee6eacc033) Importer(815301076,1909f56bfc062723c751e8b465ee728b)  -> (artifact id: '4d5d731a81ce32b9df5356147d3d77b6') in 0.017167 seconds
  Import took 0.021860 seconds .

========================================================================
Received Prepare
Registering precompiled user dll's ...
Registered in 0.001295 seconds.
Begin MonoManager ReloadAssembly
Native extension for LinuxStandalone target not found
Native extension for WindowsStandalone target not found
Native extension for OSXStandalone target not found
Native extension for WebGL target not found
Refreshing native plugins compatible for Editor in 0.56 ms, found 1 plugins.
Preloading 0 native plugins for Editor in 0.00 ms.
Mono: successfully reloaded assembly
- Completed reload, in  0.941 seconds
Platform modules already initialized, skipping
Refreshing native plugins compatible for Editor in 3.71 ms, found 1 plugins.
Preloading 0 native plugins for Editor in 0.00 ms.
Unloading 2226 Unused Serialized files (Serialized files now loaded: 0)
System memory in use before: 108.6 MB.
System memory in use after: 108.6 MB.

Unloading 13 unused Assets to reduce memory usage. Loaded Objects now: 2742.
Total: 30.103600 ms (FindLiveObjects: 1.107800 ms CreateObjectMapping: 0.312100 ms MarkObjects: 24.711100 ms  DeleteObjects: 3.968700 ms)

========================================================================
Received Prepare
Registering precompiled user dll's ...
Registered in 0.001247 seconds.
Begin MonoManager ReloadAssembly
Native extension for LinuxStandalone target not found
Native extension for WindowsStandalone target not found
Native extension for OSXStandalone target not found
Native extension for WebGL target not found
Refreshing native plugins compatible for Editor in 0.75 ms, found 1 plugins.
Preloading 0 native plugins for Editor in 0.00 ms.
Mono: successfully reloaded assembly
- Completed reload, in  1.006 seconds
Platform modules already initialized, skipping
Refreshing native plugins compatible for Editor in 0.64 ms, found 1 plugins.
Preloading 0 native plugins for Editor in 0.00 ms.
Unloading 2226 Unused Serialized files (Serialized files now loaded: 0)
System memory in use before: 108.6 MB.
System memory in use after: 108.7 MB.

Unloading 13 unused Assets to reduce memory usage. Loaded Objects now: 2746.
Total: 3.525800 ms (FindLiveObjects: 0.467600 ms CreateObjectMapping: 0.121700 ms MarkObjects: 2.783500 ms  DeleteObjects: 0.150400 ms)

========================================================================
Received Prepare
Registering precompiled user dll's ...
Registered in 0.001242 seconds.
Begin MonoManager ReloadAssembly
Native extension for LinuxStandalone target not found
Native extension for WindowsStandalone target not found
Native extension for OSXStandalone target not found
Native extension for WebGL target not found
Refreshing native plugins compatible for Editor in 0.87 ms, found 1 plugins.
Preloading 0 native plugins for Editor in 0.00 ms.
Mono: successfully reloaded assembly
- Completed reload, in  0.990 seconds
Platform modules already initialized, skipping
Refreshing native plugins compatible for Editor in 0.60 ms, found 1 plugins.
Preloading 0 native plugins for Editor in 0.00 ms.
Unloading 2226 Unused Serialized files (Serialized files now loaded: 0)
System memory in use before: 108.6 MB.
System memory in use after: 108.7 MB.

Unloading 13 unused Assets to reduce memory usage. Loaded Objects now: 2750.
Total: 2.645100 ms (FindLiveObjects: 0.255000 ms CreateObjectMapping: 0.072900 ms MarkObjects: 2.155900 ms  DeleteObjects: 0.160100 ms)

========================================================================
Received Import Request.
  Time since last request: 1446.450114 seconds.
  path: Assets/2DGamekit/Prefabs/UIPrefabs/DialogueCanvas.prefab
  artifactKey: Guid(114c5f41fd4099445a42c1d9bd01f222) Importer(815301076,1909f56bfc062723c751e8b465ee728b)
Start importing Assets/2DGamekit/Prefabs/UIPrefabs/DialogueCanvas.prefab using Guid(114c5f41fd4099445a42c1d9bd01f222) Importer(815301076,1909f56bfc062723c751e8b465ee728b)  -> (artifact id: '990fd208dbb8161df3c873564d8a4c0e') in 0.114553 seconds
  Import took 0.119925 seconds .

========================================================================
Received Import Request.
  Time since last request: 0.000185 seconds.
  path: Assets/2DGamekit/Prefabs/UIPrefabs/KeyIcon.prefab
  artifactKey: Guid(87b9fdd795c49ed45b705002b45185f6) Importer(815301076,1909f56bfc062723c751e8b465ee728b)
Start importing Assets/2DGamekit/Prefabs/UIPrefabs/KeyIcon.prefab using Guid(87b9fdd795c49ed45b705002b45185f6) Importer(815301076,1909f56bfc062723c751e8b465ee728b)  -> (artifact id: '0043020b27bbf27ec393a87b6a06ee5b') in 0.017444 seconds
  Import took 0.021362 seconds .

========================================================================
Received Import Request.
  Time since last request: 0.000223 seconds.
  path: Assets/2DGamekit/Prefabs/UIPrefabs/UICloseButton.prefab
  artifactKey: Guid(1fb5ab3aabaef0c43ae0f9bc9882feb4) Importer(815301076,1909f56bfc062723c751e8b465ee728b)
Start importing Assets/2DGamekit/Prefabs/UIPrefabs/UICloseButton.prefab using Guid(1fb5ab3aabaef0c43ae0f9bc9882feb4) Importer(815301076,1909f56bfc062723c751e8b465ee728b)  -> (artifact id: 'cb0bd085a41cc9cd62465fad3e189795') in 0.039232 seconds
  Import took 0.043624 seconds .

========================================================================
Received Import Request.
  Time since last request: 0.000180 seconds.
  path: Assets/2DGamekit/Prefabs/UIPrefabs/KeyCanvas.prefab
  artifactKey: Guid(683597be51f41bb4cbba59294cae8b30) Importer(815301076,1909f56bfc062723c751e8b465ee728b)
Start importing Assets/2DGamekit/Prefabs/UIPrefabs/KeyCanvas.prefab using Guid(683597be51f41bb4cbba59294cae8b30) Importer(815301076,1909f56bfc062723c751e8b465ee728b)  -> (artifact id: '4dd54aeac91457ea22506648828e494c') in 0.013612 seconds
  Import took 0.017446 seconds .

========================================================================
Received Import Request.
  Time since last request: 0.000171 seconds.
  path: Assets/2DGamekit/Prefabs/UIPrefabs/LoadingCanvas.prefab
  artifactKey: Guid(83d0619896c6b844c852388c2502727f) Importer(815301076,1909f56bfc062723c751e8b465ee728b)
Start importing Assets/2DGamekit/Prefabs/UIPrefabs/LoadingCanvas.prefab using Guid(83d0619896c6b844c852388c2502727f) Importer(815301076,1909f56bfc062723c751e8b465ee728b)  -> (artifact id: '8950e394630efb16d47d71a59991b138') in 0.009959 seconds
  Import took 0.014578 seconds .

========================================================================
Received Import Request.
  Time since last request: 0.000211 seconds.
  path: Assets/2DGamekit/Prefabs/UIPrefabs/OptionsCanvas.prefab
  artifactKey: Guid(28fdaedf686cb394ba208418f1942254) Importer(815301076,1909f56bfc062723c751e8b465ee728b)
Start importing Assets/2DGamekit/Prefabs/UIPrefabs/OptionsCanvas.prefab using Guid(28fdaedf686cb394ba208418f1942254) Importer(815301076,1909f56bfc062723c751e8b465ee728b)  -> (artifact id: 'db12088389921185c69d05627a052a6b') in 0.043963 seconds
  Import took 0.048569 seconds .

========================================================================
Received Import Request.
  Time since last request: 0.000172 seconds.
  path: Assets/2DGamekit/Prefabs/UIPrefabs/UICanvas.prefab
  artifactKey: Guid(eb72f36523dcf684f9ca37da45adfa76) Importer(815301076,1909f56bfc062723c751e8b465ee728b)
Start importing Assets/2DGamekit/Prefabs/UIPrefabs/UICanvas.prefab using Guid(eb72f36523dcf684f9ca37da45adfa76) Importer(815301076,1909f56bfc062723c751e8b465ee728b)  -> (artifact id: '67afbf4deed5e90aa2aedc19de30a8b3') in 0.051897 seconds
  Import took 0.055908 seconds .

========================================================================
Received Import Request.
  Time since last request: 0.000165 seconds.
  path: Assets/2DGamekit/Prefabs/UIPrefabs/PanelCanvas.prefab
  artifactKey: Guid(2208ab824ba66ab4eaafed9162a13177) Importer(815301076,1909f56bfc062723c751e8b465ee728b)
Start importing Assets/2DGamekit/Prefabs/UIPrefabs/PanelCanvas.prefab using Guid(2208ab824ba66ab4eaafed9162a13177) Importer(815301076,1909f56bfc062723c751e8b465ee728b)  -> (artifact id: 'aef09329cf09740fdfe7846e08fafd59') in 0.026806 seconds
  Import took 0.031079 seconds .

========================================================================
Received Import Request.
  Time since last request: 0.000189 seconds.
  path: Assets/2DGamekit/Prefabs/UIPrefabs/HealthCanvas.prefab
  artifactKey: Guid(2d2745d2a8668e644a921a4848c9bc90) Importer(815301076,1909f56bfc062723c751e8b465ee728b)
Start importing Assets/2DGamekit/Prefabs/UIPrefabs/HealthCanvas.prefab using Guid(2d2745d2a8668e644a921a4848c9bc90) Importer(815301076,1909f56bfc062723c751e8b465ee728b)  -> (artifact id: '318a72aed6a6f10c9c7a74e1fffe23ea') in 0.011182 seconds
  Import took 0.015624 seconds .

========================================================================
Received Import Request.
  Time since last request: 0.000170 seconds.
  path: Assets/2DGamekit/Prefabs/UIPrefabs/HealthIcon.prefab
  artifactKey: Guid(5e2d966f076c6144ba1b3f112e14ede1) Importer(815301076,1909f56bfc062723c751e8b465ee728b)
Start importing Assets/2DGamekit/Prefabs/UIPrefabs/HealthIcon.prefab using Guid(5e2d966f076c6144ba1b3f112e14ede1) Importer(815301076,1909f56bfc062723c751e8b465ee728b)  -> (artifact id: '70a498974e1686320c993e8b29c29904') in 0.009693 seconds
  Import took 0.013726 seconds .

========================================================================
Received Import Request.
  Time since last request: 0.000254 seconds.
  path: Assets/2DGamekit/Prefabs/UIPrefabs/UIButton.prefab
  artifactKey: Guid(474f38b7b50d08b45b4c8cda7b98201b) Importer(815301076,1909f56bfc062723c751e8b465ee728b)
Start importing Assets/2DGamekit/Prefabs/UIPrefabs/UIButton.prefab using Guid(474f38b7b50d08b45b4c8cda7b98201b) Importer(815301076,1909f56bfc062723c751e8b465ee728b)  -> (artifact id: 'f64b61f08c75a6827d116aa4abb3fbc9') in 0.026256 seconds
  Import took 0.030458 seconds .

========================================================================
Received Import Request.
  Time since last request: 0.000237 seconds.
  path: Assets/2DGamekit/Prefabs/UIPrefabs/GameOverCanvas.prefab
  artifactKey: Guid(2cb597c059c0637489d7a3309e26cb52) Importer(815301076,1909f56bfc062723c751e8b465ee728b)
Start importing Assets/2DGamekit/Prefabs/UIPrefabs/GameOverCanvas.prefab using Guid(2cb597c059c0637489d7a3309e26cb52) Importer(815301076,1909f56bfc062723c751e8b465ee728b)  -> (artifact id: '40f29d724d38413721089410c6af8455') in 0.010908 seconds
  Import took 0.016162 seconds .

========================================================================
Received Import Request.
  Time since last request: 24.773645 seconds.
  path: Assets/2DGamekit/Prefabs/VFX/Environment/BlueMotes.prefab
  artifactKey: Guid(4c916d2207d2300418a5957aa19521d4) Importer(815301076,1909f56bfc062723c751e8b465ee728b)
Start importing Assets/2DGamekit/Prefabs/VFX/Environment/BlueMotes.prefab using Guid(4c916d2207d2300418a5957aa19521d4) Importer(815301076,1909f56bfc062723c751e8b465ee728b)  -> (artifact id: '637a030514a4e87667d329c8efe119a3') in 0.039044 seconds
  Import took 0.043277 seconds .

========================================================================
Received Import Request.
  Time since last request: 0.000183 seconds.
  path: Assets/2DGamekit/Prefabs/VFX/Environment/GrassPuff.prefab
  artifactKey: Guid(27ab20378afc6044fa7e280ace3536a7) Importer(815301076,1909f56bfc062723c751e8b465ee728b)
Start importing Assets/2DGamekit/Prefabs/VFX/Environment/GrassPuff.prefab using Guid(27ab20378afc6044fa7e280ace3536a7) Importer(815301076,1909f56bfc062723c751e8b465ee728b)  -> (artifact id: '81c76152ba4977d70c570a502b3f5d2d') in 0.008187 seconds
  Import took 0.012336 seconds .

========================================================================
Received Import Request.
  Time since last request: 0.000183 seconds.
  path: Assets/2DGamekit/Prefabs/VFX/Environment/WaterDrops.prefab
  artifactKey: Guid(442d052f49435114ab9fc7c8c0016e7c) Importer(815301076,1909f56bfc062723c751e8b465ee728b)
Start importing Assets/2DGamekit/Prefabs/VFX/Environment/WaterDrops.prefab using Guid(442d052f49435114ab9fc7c8c0016e7c) Importer(815301076,1909f56bfc062723c751e8b465ee728b)  -> (artifact id: 'b03370f856dd7a0f7bda212e0a8234f7') in 0.017012 seconds
  Import took 0.021784 seconds .

========================================================================
Received Import Request.
  Time since last request: 0.000237 seconds.
  path: Assets/2DGamekit/Prefabs/VFX/Environment/Fireflies.prefab
  artifactKey: Guid(afb89849ba0bcd141814c33c753a935b) Importer(815301076,1909f56bfc062723c751e8b465ee728b)
Start importing Assets/2DGamekit/Prefabs/VFX/Environment/Fireflies.prefab using Guid(afb89849ba0bcd141814c33c753a935b) Importer(815301076,1909f56bfc062723c751e8b465ee728b)  -> (artifact id: '87aa6115a885b15caa98cd3b9934ab5f') in 0.010528 seconds
  Import took 0.014605 seconds .

========================================================================
Received Import Request.
  Time since last request: 0.000277 seconds.
  path: Assets/2DGamekit/Prefabs/VFX/Environment/DustPuff.prefab
  artifactKey: Guid(ca91f9a8283f57042830bdc02fa84302) Importer(815301076,1909f56bfc062723c751e8b465ee728b)
Start importing Assets/2DGamekit/Prefabs/VFX/Environment/DustPuff.prefab using Guid(ca91f9a8283f57042830bdc02fa84302) Importer(815301076,1909f56bfc062723c751e8b465ee728b)  -> (artifact id: '477de3ffc08606e2c8ac35497ceaa0fb') in 0.010440 seconds
  Import took 0.015073 seconds .

========================================================================
Received Import Request.
  Time since last request: 0.000170 seconds.
  path: Assets/2DGamekit/Prefabs/VFX/Environment/Puff.prefab
  artifactKey: Guid(fcad5e11c16c37d4597d0bd76bcaf252) Importer(815301076,1909f56bfc062723c751e8b465ee728b)
Start importing Assets/2DGamekit/Prefabs/VFX/Environment/Puff.prefab using Guid(fcad5e11c16c37d4597d0bd76bcaf252) Importer(815301076,1909f56bfc062723c751e8b465ee728b)  -> (artifact id: '8784ae4f3aefbb8dbc060e96b948202a') in 0.009838 seconds
  Import took 0.013749 seconds .

========================================================================
Received Import Request.
  Time since last request: 0.000214 seconds.
  path: Assets/2DGamekit/Prefabs/VFX/Environment/Steam.prefab
  artifactKey: Guid(0f7bda6c318b58640bc5e5535cef046a) Importer(815301076,1909f56bfc062723c751e8b465ee728b)
Start importing Assets/2DGamekit/Prefabs/VFX/Environment/Steam.prefab using Guid(0f7bda6c318b58640bc5e5535cef046a) Importer(815301076,1909f56bfc062723c751e8b465ee728b)  -> (artifact id: 'a8a7a42cd6b1c80483f91698034a94bc') in 0.009226 seconds
  Import took 0.014344 seconds .

========================================================================
Received Import Request.
  Time since last request: 0.000205 seconds.
  path: Assets/2DGamekit/Prefabs/VFX/Environment/LightShafts.prefab
  artifactKey: Guid(3a492dd3fad5930408af4662b7da6f80) Importer(815301076,1909f56bfc062723c751e8b465ee728b)
Start importing Assets/2DGamekit/Prefabs/VFX/Environment/LightShafts.prefab using Guid(3a492dd3fad5930408af4662b7da6f80) Importer(815301076,1909f56bfc062723c751e8b465ee728b)  -> (artifact id: 'cc113287a29dcb1699dcc6a1d63fe157') in 0.009524 seconds
  Import took 0.013853 seconds .

========================================================================
Received Import Request.
  Time since last request: 16.559989 seconds.
  path: Assets/2DGamekit/Prefabs/SceneControl/Checkpoint.prefab
  artifactKey: Guid(448ee8ad87a7f9f43b099285036e8bfc) Importer(815301076,1909f56bfc062723c751e8b465ee728b)
Start importing Assets/2DGamekit/Prefabs/SceneControl/Checkpoint.prefab using Guid(448ee8ad87a7f9f43b099285036e8bfc) Importer(815301076,1909f56bfc062723c751e8b465ee728b)  -> (artifact id: '606a9e51391aadd13dae85f158c76cd0') in 0.012296 seconds
  Import took 0.016938 seconds .

========================================================================
Received Prepare
Registering precompiled user dll's ...
Registered in 0.001584 seconds.
Begin MonoManager ReloadAssembly
Native extension for LinuxStandalone target not found
Native extension for WindowsStandalone target not found
Native extension for OSXStandalone target not found
Native extension for WebGL target not found
Refreshing native plugins compatible for Editor in 1.05 ms, found 1 plugins.
Preloading 0 native plugins for Editor in 0.00 ms.
Mono: successfully reloaded assembly
- Completed reload, in  1.023 seconds
Platform modules already initialized, skipping
Refreshing native plugins compatible for Editor in 0.78 ms, found 1 plugins.
Preloading 0 native plugins for Editor in 0.00 ms.
Unloading 2226 Unused Serialized files (Serialized files now loaded: 0)
System memory in use before: 108.6 MB.
System memory in use after: 108.6 MB.

Unloading 14 unused Assets to reduce memory usage. Loaded Objects now: 2754.
Total: 2.945000 ms (FindLiveObjects: 0.259600 ms CreateObjectMapping: 0.066600 ms MarkObjects: 2.474900 ms  DeleteObjects: 0.142100 ms)

========================================================================
Received Import Request.
  Time since last request: 5239.321877 seconds.
  path: Assets/2DGamekit/Prefabs/Audio/BackgroundMusicPlayer.prefab
  artifactKey: Guid(9c48d4101c920ef47a787da13f097d90) Importer(815301076,1909f56bfc062723c751e8b465ee728b)
Start importing Assets/2DGamekit/Prefabs/Audio/BackgroundMusicPlayer.prefab using Guid(9c48d4101c920ef47a787da13f097d90) Importer(815301076,1909f56bfc062723c751e8b465ee728b)  -> (artifact id: 'acf1eafd25b66dd3ae1ce1c23952aaf4') in 0.171528 seconds
  Import took 0.236119 seconds .

========================================================================
Received Prepare
Registering precompiled user dll's ...
Registered in 0.001504 seconds.
Begin MonoManager ReloadAssembly
Native extension for LinuxStandalone target not found
Native extension for WindowsStandalone target not found
Native extension for OSXStandalone target not found
Native extension for WebGL target not found
Refreshing native plugins compatible for Editor in 0.56 ms, found 1 plugins.
Preloading 0 native plugins for Editor in 0.00 ms.
Mono: successfully reloaded assembly
- Completed reload, in  0.950 seconds
Platform modules already initialized, skipping
Refreshing native plugins compatible for Editor in 0.54 ms, found 1 plugins.
Preloading 0 native plugins for Editor in 0.00 ms.
Unloading 2226 Unused Serialized files (Serialized files now loaded: 0)
System memory in use before: 108.7 MB.
System memory in use after: 108.8 MB.

Unloading 13 unused Assets to reduce memory usage. Loaded Objects now: 2758.
Total: 3.376200 ms (FindLiveObjects: 0.296100 ms CreateObjectMapping: 0.093900 ms MarkObjects: 2.716100 ms  DeleteObjects: 0.268400 ms)

========================================================================
Received Prepare
Registering precompiled user dll's ...
Registered in 0.001255 seconds.
Begin MonoManager ReloadAssembly
Native extension for LinuxStandalone target not found
Native extension for WindowsStandalone target not found
Native extension for OSXStandalone target not found
Native extension for WebGL target not found
Refreshing native plugins compatible for Editor in 0.54 ms, found 1 plugins.
Preloading 0 native plugins for Editor in 0.00 ms.
Mono: successfully reloaded assembly
- Completed reload, in  0.950 seconds
Platform modules already initialized, skipping
Refreshing native plugins compatible for Editor in 0.54 ms, found 1 plugins.
Preloading 0 native plugins for Editor in 0.00 ms.
Unloading 2226 Unused Serialized files (Serialized files now loaded: 0)
System memory in use before: 108.7 MB.
System memory in use after: 108.8 MB.

Unloading 13 unused Assets to reduce memory usage. Loaded Objects now: 2762.
Total: 3.036400 ms (FindLiveObjects: 0.296900 ms CreateObjectMapping: 0.077900 ms MarkObjects: 2.498300 ms  DeleteObjects: 0.161800 ms)

========================================================================
Received Import Request.
  Time since last request: 2221.665697 seconds.
  path: Assets/2DGamekit/Prefabs/Enemies
  artifactKey: Guid(15a675dabe8cd6c4bb0ed6ad32cd6771) Importer(815301076,1909f56bfc062723c751e8b465ee728b)
Start importing Assets/2DGamekit/Prefabs/Enemies using Guid(15a675dabe8cd6c4bb0ed6ad32cd6771) Importer(815301076,1909f56bfc062723c751e8b465ee728b)  -> (artifact id: '1bdc7927e4c95d7e4a94c2890a5343d2') in 0.033768 seconds
  Import took 0.038874 seconds .

========================================================================
Received Prepare
Registering precompiled user dll's ...
Registered in 0.001577 seconds.
Begin MonoManager ReloadAssembly
Native extension for LinuxStandalone target not found
Native extension for WindowsStandalone target not found
Native extension for OSXStandalone target not found
Native extension for WebGL target not found
Refreshing native plugins compatible for Editor in 0.56 ms, found 1 plugins.
Preloading 0 native plugins for Editor in 0.00 ms.
Mono: successfully reloaded assembly
- Completed reload, in  0.929 seconds
Platform modules already initialized, skipping
Refreshing native plugins compatible for Editor in 0.56 ms, found 1 plugins.
Preloading 0 native plugins for Editor in 0.00 ms.
Unloading 2226 Unused Serialized files (Serialized files now loaded: 0)
System memory in use before: 108.7 MB.
System memory in use after: 108.8 MB.

Unloading 13 unused Assets to reduce memory usage. Loaded Objects now: 2766.
Total: 2.997000 ms (FindLiveObjects: 0.337900 ms CreateObjectMapping: 0.094400 ms MarkObjects: 2.412900 ms  DeleteObjects: 0.150400 ms)

========================================================================
Received Prepare
Registering precompiled user dll's ...
Registered in 0.001872 seconds.
Begin MonoManager ReloadAssembly
Native extension for LinuxStandalone target not found
Native extension for WindowsStandalone target not found
Native extension for OSXStandalone target not found
Native extension for WebGL target not found
Refreshing native plugins compatible for Editor in 0.69 ms, found 1 plugins.
Preloading 0 native plugins for Editor in 0.00 ms.
Mono: successfully reloaded assembly
- Completed reload, in  1.169 seconds
Platform modules already initialized, skipping
Refreshing native plugins compatible for Editor in 0.66 ms, found 1 plugins.
Preloading 0 native plugins for Editor in 0.00 ms.
Unloading 2226 Unused Serialized files (Serialized files now loaded: 0)
System memory in use before: 108.7 MB.
System memory in use after: 108.8 MB.

Unloading 13 unused Assets to reduce memory usage. Loaded Objects now: 2770.
Total: 3.323800 ms (FindLiveObjects: 0.338700 ms CreateObjectMapping: 0.087900 ms MarkObjects: 2.763900 ms  DeleteObjects: 0.132000 ms)

========================================================================
Received Prepare
Registering precompiled user dll's ...
Registered in 0.001271 seconds.
Begin MonoManager ReloadAssembly
Native extension for LinuxStandalone target not found
Native extension for WindowsStandalone target not found
Native extension for OSXStandalone target not found
Native extension for WebGL target not found
Refreshing native plugins compatible for Editor in 0.54 ms, found 1 plugins.
Preloading 0 native plugins for Editor in 0.00 ms.
Mono: successfully reloaded assembly
- Completed reload, in  0.906 seconds
Platform modules already initialized, skipping
Refreshing native plugins compatible for Editor in 0.67 ms, found 1 plugins.
Preloading 0 native plugins for Editor in 0.00 ms.
Unloading 2226 Unused Serialized files (Serialized files now loaded: 0)
System memory in use before: 108.6 MB.
System memory in use after: 108.7 MB.

Unloading 13 unused Assets to reduce memory usage. Loaded Objects now: 2774.
Total: 2.808100 ms (FindLiveObjects: 0.370500 ms CreateObjectMapping: 0.096000 ms MarkObjects: 2.199500 ms  DeleteObjects: 0.140100 ms)

========================================================================
Received Import Request.
  Time since last request: 5240.429940 seconds.
  path: Assets/2DGamekit/Prefabs/SceneControl/SceneController.prefab
  artifactKey: Guid(06c5c56d99c9e194db056e41d8b8f99b) Importer(815301076,1909f56bfc062723c751e8b465ee728b)
Start importing Assets/2DGamekit/Prefabs/SceneControl/SceneController.prefab using Guid(06c5c56d99c9e194db056e41d8b8f99b) Importer(815301076,1909f56bfc062723c751e8b465ee728b)  -> (artifact id: '639c5b1c390c6a21671c343ccdc3d584') in 0.033704 seconds
  Import took 0.037795 seconds .

========================================================================
Received Import Request.
  Time since last request: 0.000185 seconds.
  path: Assets/2DGamekit/Prefabs/SceneControl/SpawnManagerWrapper.prefab
  artifactKey: Guid(c0349e06831df0a4a93d468c308dc3d1) Importer(815301076,1909f56bfc062723c751e8b465ee728b)
Start importing Assets/2DGamekit/Prefabs/SceneControl/SpawnManagerWrapper.prefab using Guid(c0349e06831df0a4a93d468c308dc3d1) Importer(815301076,1909f56bfc062723c751e8b465ee728b)  -> (artifact id: '6c6f848e70b784c3880318929260619e') in 0.008737 seconds
  Import took 0.013457 seconds .

========================================================================
Received Import Request.
  Time since last request: 0.000199 seconds.
  path: Assets/2DGamekit/Prefabs/SceneControl/ScreenFader.prefab
  artifactKey: Guid(12c2177bf06bbee44b65f5e185b2216f) Importer(815301076,1909f56bfc062723c751e8b465ee728b)
Start importing Assets/2DGamekit/Prefabs/SceneControl/ScreenFader.prefab using Guid(12c2177bf06bbee44b65f5e185b2216f) Importer(815301076,1909f56bfc062723c751e8b465ee728b)  -> (artifact id: '681e3523147d4c869932dc1bccc9399d') in 0.019487 seconds
  Import took 0.023394 seconds .

========================================================================
Received Import Request.
  Time since last request: 0.000208 seconds.
  path: Assets/2DGamekit/Prefabs/SceneControl/TransitionDestination.prefab
  artifactKey: Guid(f949db0cfd21cb34796d46f92ac4fb1a) Importer(815301076,1909f56bfc062723c751e8b465ee728b)
Start importing Assets/2DGamekit/Prefabs/SceneControl/TransitionDestination.prefab using Guid(f949db0cfd21cb34796d46f92ac4fb1a) Importer(815301076,1909f56bfc062723c751e8b465ee728b)  -> (artifact id: '566b90fa4d5963841ef0f06c34e21573') in 0.011843 seconds
  Import took 0.016557 seconds .

========================================================================
Received Import Request.
  Time since last request: 0.000192 seconds.
  path: Assets/2DGamekit/Prefabs/SceneControl/TransitionStart.prefab
  artifactKey: Guid(b38e9ca90e4033c4bb4554a41a283698) Importer(815301076,1909f56bfc062723c751e8b465ee728b)
Start importing Assets/2DGamekit/Prefabs/SceneControl/TransitionStart.prefab using Guid(b38e9ca90e4033c4bb4554a41a283698) Importer(815301076,1909f56bfc062723c751e8b465ee728b)  -> (artifact id: '06350b4558800794d457f03e5899e7fd') in 0.011869 seconds
  Import took 0.016240 seconds .

========================================================================
Received Import Request.
  Time since last request: 80.839281 seconds.
  path: Assets/2DGamekit/Prefabs/Interactables
  artifactKey: Guid(f8f4f7ed84054d340b492449e77d508a) Importer(815301076,1909f56bfc062723c751e8b465ee728b)
Start importing Assets/2DGamekit/Prefabs/Interactables using Guid(f8f4f7ed84054d340b492449e77d508a) Importer(815301076,1909f56bfc062723c751e8b465ee728b)  -> (artifact id: '43b88968bd5ca73ec4db60acd82f2e83') in 0.010094 seconds
  Import took 0.026086 seconds .

========================================================================
Received Import Request.
  Time since last request: 0.981770 seconds.
  path: Assets/2DGamekit/Prefabs/Audio
  artifactKey: Guid(44c768a24ba31ef4b92353a3ef64e6a2) Importer(815301076,1909f56bfc062723c751e8b465ee728b)
Start importing Assets/2DGamekit/Prefabs/Audio using Guid(44c768a24ba31ef4b92353a3ef64e6a2) Importer(815301076,1909f56bfc062723c751e8b465ee728b)  -> (artifact id: '75accb3b76b4baa0455f12c60a95f7c9') in 0.008876 seconds
  Import took 0.015575 seconds .

========================================================================
Received Prepare
Registering precompiled user dll's ...
Registered in 0.001608 seconds.
Begin MonoManager ReloadAssembly
Native extension for LinuxStandalone target not found
Native extension for WindowsStandalone target not found
Native extension for OSXStandalone target not found
Native extension for WebGL target not found
Refreshing native plugins compatible for Editor in 0.61 ms, found 1 plugins.
Preloading 0 native plugins for Editor in 0.00 ms.
Mono: successfully reloaded assembly
- Completed reload, in  1.134 seconds
Platform modules already initialized, skipping
Refreshing native plugins compatible for Editor in 0.70 ms, found 1 plugins.
Preloading 0 native plugins for Editor in 0.00 ms.
Unloading 2226 Unused Serialized files (Serialized files now loaded: 0)
System memory in use before: 108.8 MB.
System memory in use after: 108.8 MB.

Unloading 13 unused Assets to reduce memory usage. Loaded Objects now: 2778.
Total: 2.498600 ms (FindLiveObjects: 0.263600 ms CreateObjectMapping: 0.071000 ms MarkObjects: 2.013900 ms  DeleteObjects: 0.148300 ms)

========================================================================
Received Prepare
Registering precompiled user dll's ...
Registered in 0.001519 seconds.
Begin MonoManager ReloadAssembly
Native extension for LinuxStandalone target not found
Native extension for WindowsStandalone target not found
Native extension for OSXStandalone target not found
Native extension for WebGL target not found
Refreshing native plugins compatible for Editor in 0.99 ms, found 1 plugins.
Preloading 0 native plugins for Editor in 0.00 ms.
Mono: successfully reloaded assembly
- Completed reload, in  1.224 seconds
Platform modules already initialized, skipping
Refreshing native plugins compatible for Editor in 1.11 ms, found 1 plugins.
Preloading 0 native plugins for Editor in 0.00 ms.
Unloading 2226 Unused Serialized files (Serialized files now loaded: 0)
System memory in use before: 108.8 MB.
System memory in use after: 108.8 MB.

Unloading 13 unused Assets to reduce memory usage. Loaded Objects now: 2782.
Total: 4.486100 ms (FindLiveObjects: 0.565400 ms CreateObjectMapping: 0.321200 ms MarkObjects: 3.393500 ms  DeleteObjects: 0.203500 ms)

========================================================================
Received Prepare
Registering precompiled user dll's ...
Registered in 0.001621 seconds.
Begin MonoManager ReloadAssembly
Native extension for LinuxStandalone target not found
Native extension for WindowsStandalone target not found
Native extension for OSXStandalone target not found
Native extension for WebGL target not found
Refreshing native plugins compatible for Editor in 0.63 ms, found 1 plugins.
Preloading 0 native plugins for Editor in 0.00 ms.
Mono: successfully reloaded assembly
- Completed reload, in  1.127 seconds
Platform modules already initialized, skipping
Refreshing native plugins compatible for Editor in 0.60 ms, found 1 plugins.
Preloading 0 native plugins for Editor in 0.00 ms.
Unloading 2226 Unused Serialized files (Serialized files now loaded: 0)
System memory in use before: 108.8 MB.
System memory in use after: 108.8 MB.

Unloading 13 unused Assets to reduce memory usage. Loaded Objects now: 2786.
Total: 3.745400 ms (FindLiveObjects: 0.517100 ms CreateObjectMapping: 0.283200 ms MarkObjects: 2.787000 ms  DeleteObjects: 0.156400 ms)

========================================================================
Received Prepare
Registering precompiled user dll's ...
Registered in 0.001542 seconds.
Begin MonoManager ReloadAssembly
Native extension for LinuxStandalone target not found
Native extension for WindowsStandalone target not found
Native extension for OSXStandalone target not found
Native extension for WebGL target not found
Refreshing native plugins compatible for Editor in 0.81 ms, found 1 plugins.
Preloading 0 native plugins for Editor in 0.00 ms.
Mono: successfully reloaded assembly
- Completed reload, in  1.216 seconds
Platform modules already initialized, skipping
Refreshing native plugins compatible for Editor in 1.25 ms, found 1 plugins.
Preloading 0 native plugins for Editor in 0.00 ms.
Unloading 2226 Unused Serialized files (Serialized files now loaded: 0)
System memory in use before: 108.8 MB.
System memory in use after: 108.9 MB.

Unloading 13 unused Assets to reduce memory usage. Loaded Objects now: 2790.
Total: 3.904100 ms (FindLiveObjects: 0.594600 ms CreateObjectMapping: 0.142500 ms MarkObjects: 2.937700 ms  DeleteObjects: 0.226600 ms)

AssetImportWorkerClient::OnTransportError - code=2 error=End of file
